<?xml version="1.0" encoding="UTF-8"?>
<!-- Generated by org.testng.reporters.JUnitReportReporter -->
<testsuite hostname="PAWAN" failures="0" tests="1" name="testCases.Tc_001_AccountRegisterTest" time="3.515" errors="0" timestamp="2024-07-31T11:30:34 IST" skipped="0">
  <testcase classname="testCases.Tc_001_AccountRegisterTest" name="RegisterTest" time="3.515"/>
  <system-out/>
</testsuite> <!-- testCases.Tc_001_AccountRegisterTest -->
